<?xml version="1.0" encoding="UTF-8"?>
<!-- Generated by org.testng.reporters.JUnitReportReporter -->
<testsuite hostname="Quartz-7" name="com.testng.ExcelToLiveToExcel" tests="3" failures="0" timestamp="11 Jun 2016 07:32:07 GMT" time="1.420" errors="0">
  <testcase name="LiveLogin" time="0.437" classname="com.testng.ExcelToLiveToExcel"/>
  <testcase name="LiveLogin" time="0.546" classname="com.testng.ExcelToLiveToExcel"/>
  <testcase name="LiveLogin" time="0.437" classname="com.testng.ExcelToLiveToExcel"/>
</testsuite> <!-- com.testng.ExcelToLiveToExcel -->
