<?xml version="1.0" encoding="UTF-8"?>
<!-- Generated by org.testng.reporters.JUnitReportReporter -->
<testsuite hostname="Quartz-7" name="com.testng.ExcelTable" tests="1" failures="0" timestamp="11 Jun 2016 04:02:51 GMT" time="0.438" errors="0">
  <testcase name="WriteToExcel" time="0.438" classname="com.testng.ExcelTable"/>
</testsuite> <!-- com.testng.ExcelTable -->
