<?xml version="1.0" encoding="UTF-8"?>
<!-- Generated by org.testng.reporters.JUnitReportReporter -->
<testsuite hostname="Quartz-7" name="com.testng.CreateExcel" tests="1" failures="0" timestamp="5 Jun 2016 09:40:41 GMT" time="0.374" errors="0">
  <testcase name="WriteToExcel" time="0.374" classname="com.testng.CreateExcel"/>
</testsuite> <!-- com.testng.CreateExcel -->
