<?xml version="1.0" encoding="UTF-8"?>
<!-- Generated by org.testng.reporters.JUnitReportReporter -->
<testsuite hostname="Quartz-7" name="com.testng.GoogleParameter" tests="1" failures="0" timestamp="5 Jun 2016 06:31:21 GMT" time="0.427" errors="0">
  <testcase name="f" time="0.427" classname="com.testng.GoogleParameter"/>
</testsuite> <!-- com.testng.GoogleParameter -->
