<?xml version="1.0" encoding="UTF-8"?>
<!-- Generated by org.testng.reporters.JUnitReportReporter -->
<testsuite hostname="Quartz-7" name="com.testng.GoogleLinks" tests="2" failures="0" timestamp="4 Jun 2016 09:37:12 GMT" time="5.410" errors="0">
  <testcase name="Gmail" time="2.586" classname="com.testng.GoogleLinks"/>
  <testcase name="Link" time="2.824" classname="com.testng.GoogleLinks"/>
</testsuite> <!-- com.testng.GoogleLinks -->
