<?xml version="1.0" encoding="UTF-8"?>
<!-- Generated by org.testng.reporters.JUnitReportReporter -->
<testsuite hostname="Quartz-7" name="com.testng.GoogleLinksGroup" tests="2" failures="0" timestamp="11 Jun 2016 06:26:12 GMT" time="6.786" errors="0">
  <testcase name="Gmail" time="2.169" classname="com.testng.GoogleLinksGroup"/>
  <testcase name="Images" time="4.617" classname="com.testng.GoogleLinksGroup"/>
</testsuite> <!-- com.testng.GoogleLinksGroup -->
