<?xml version="1.0" encoding="UTF-8"?>
<!-- Generated by org.testng.reporters.JUnitReportReporter -->
<testsuite hostname="Quartz-7" name="com.testng.Priority" tests="4" failures="0" timestamp="4 Jun 2016 09:37:12 GMT" time="0.001" errors="0">
  <testcase name="f" time="0.000" classname="com.testng.Priority"/>
  <testcase name="Test2" time="0.000" classname="com.testng.Priority"/>
  <testcase name="Test3" time="0.001" classname="com.testng.Priority"/>
  <testcase name="Test1" time="0.000" classname="com.testng.Priority"/>
</testsuite> <!-- com.testng.Priority -->
