<?xml version="1.0" encoding="UTF-8"?>
<!-- Generated by org.testng.reporters.JUnitReportReporter -->
<testsuite hostname="Quartz-7" name="com.testng.ExcelDataProvider" tests="3" failures="0" timestamp="11 Jun 2016 04:37:37 GMT" time="0.031" errors="0">
  <testcase name="WritetoExcel" time="0.031" classname="com.testng.ExcelDataProvider"/>
  <testcase name="WritetoExcel" time="0.000" classname="com.testng.ExcelDataProvider"/>
  <testcase name="WritetoExcel" time="0.000" classname="com.testng.ExcelDataProvider"/>
</testsuite> <!-- com.testng.ExcelDataProvider -->
