<?xml version="1.0" encoding="UTF-8"?>
<!-- Generated by org.testng.reporters.JUnitReportReporter -->
<testsuite hostname="Quartz-7" name="com.testng.RowColumn" tests="3" failures="0" timestamp="4 Jun 2016 09:37:12 GMT" time="0.544" errors="0">
  <testcase name="Row" time="0.142" classname="com.testng.RowColumn"/>
  <testcase name="f" time="0.000" classname="com.testng.RowColumn"/>
  <testcase name="column" time="0.402" classname="com.testng.RowColumn"/>
</testsuite> <!-- com.testng.RowColumn -->
