<?xml version="1.0" encoding="UTF-8"?>
<!-- Generated by org.testng.reporters.JUnitReportReporter -->
<testsuite hostname="Quartz-7" name="com.testng.ProviderData" tests="3" failures="0" timestamp="5 Jun 2016 07:04:02 GMT" time="8.961" errors="0">
  <testcase name="Login" time="2.393" classname="com.testng.ProviderData"/>
  <testcase name="Login" time="2.423" classname="com.testng.ProviderData"/>
  <testcase name="Login" time="4.145" classname="com.testng.ProviderData"/>
</testsuite> <!-- com.testng.ProviderData -->
