<?xml version="1.0" encoding="UTF-8"?>
<!-- Generated by org.testng.reporters.JUnitReportReporter -->
<testsuite hostname="Quartz-7" name="com.testng.KeyWordDataDriven" tests="3" failures="0" timestamp="11 Jun 2016 08:56:38 GMT" time="12.455" errors="0">
  <testcase name="LiveLogin" time="7.608" classname="com.testng.KeyWordDataDriven"/>
  <testcase name="LiveLogin" time="2.437" classname="com.testng.KeyWordDataDriven"/>
  <testcase name="LiveLogin" time="2.410" classname="com.testng.KeyWordDataDriven"/>
</testsuite> <!-- com.testng.KeyWordDataDriven -->
