<?xml version="1.0" encoding="UTF-8"?>
<!-- Generated by org.testng.reporters.JUnitReportReporter -->
<testsuite hostname="Quartz-7" name="com.testng.FirstTestNG" tests="1" failures="0" timestamp="4 Jun 2016 09:37:12 GMT" time="3.255" errors="0">
  <testcase name="get" time="3.255" classname="com.testng.FirstTestNG"/>
</testsuite> <!-- com.testng.FirstTestNG -->
