<?xml version="1.0" encoding="UTF-8"?>
<!-- Generated by org.testng.reporters.JUnitReportReporter -->
<testsuite hostname="Quartz-7" name="com.testng.LoginClear" tests="5" failures="0" timestamp="5 Jun 2016 05:12:38 GMT" time="2.789" errors="0">
  <testcase name="f" time="0.086" classname="com.testng.LoginClear"/>
  <testcase name="ErrorHandling" time="0.135" classname="com.testng.LoginClear"/>
  <testcase name="EnterCredential" time="0.250" classname="com.testng.LoginClear"/>
  <testcase name="EnterCredential3" time="0.348" classname="com.testng.LoginClear"/>
  <testcase name="EnterCredential2" time="1.970" classname="com.testng.LoginClear"/>
</testsuite> <!-- com.testng.LoginClear -->
