<?xml version="1.0" encoding="UTF-8"?>
<!-- Generated by org.testng.reporters.JUnitReportReporter -->
<testsuite hostname="Quartz-7" name="com.testng.LiveParameters" tests="1" failures="0" timestamp="11 Jun 2016 05:33:32 GMT" time="12.901" errors="0">
  <testcase name="LiveParam" time="12.901" classname="com.testng.LiveParameters"/>
</testsuite> <!-- com.testng.LiveParameters -->
